digraph MiniSlrAutomaton {
  rankdir=LR;
  node [shape=box, fontname="monospace"];
  edge [fontname="monospace"];
  I0 [label="I0\nS' -> . E\nE -> . E + T\nE -> . T\nT -> . T * F\nT -> . F\nF -> . ( E )\nF -> . id"];
  I1 [label="I1\nS' -> E .\nE -> E . + T"];
  I2 [label="I2\nE -> T .\nT -> T . * F"];
  I3 [label="I3\nT -> F ."];
  I4 [label="I4\nF -> ( . E )\nE -> . E + T\nE -> . T\nT -> . T * F\nT -> . F\nF -> . ( E )\nF -> . id"];
  I5 [label="I5\nF -> id ."];
  I6 [label="I6\nE -> E + . T\nT -> . T * F\nT -> . F\nF -> . ( E )\nF -> . id"];
  I7 [label="I7\nT -> T * . F\nF -> . ( E )\nF -> . id"];
  I8 [label="I8\nF -> ( E . )\nE -> E . + T"];
  I9 [label="I9\nE -> E + T .\nT -> T . * F"];
  I10 [label="I10\nT -> T * F ."];
  I11 [label="I11\nF -> ( E ) ."];
  I0 -> I1 [label="E"];
  I0 -> I2 [label="T"];
  I0 -> I3 [label="F"];
  I0 -> I4 [label="("];
  I0 -> I5 [label="id"];
  I1 -> I6 [label="+"];
  I2 -> I7 [label="*"];
  I4 -> I8 [label="E"];
  I4 -> I2 [label="T"];
  I4 -> I3 [label="F"];
  I4 -> I4 [label="("];
  I4 -> I5 [label="id"];
  I6 -> I9 [label="T"];
  I6 -> I3 [label="F"];
  I6 -> I4 [label="("];
  I6 -> I5 [label="id"];
  I7 -> I10 [label="F"];
  I7 -> I4 [label="("];
  I7 -> I5 [label="id"];
  I8 -> I6 [label="+"];
  I8 -> I11 [label=")"];
  I9 -> I7 [label="*"];
}
